Execute tag Suit generation
Execute tag Starting deck
Execute tag Rank generation
Execute tag Rank generation
Execute tag Rank generation
Execute tag Rank generation
Execute tag Botton half
Execute tag Top half
Execute tag Shuffle
Execute tag Botton half
Execute tag Top half
Execute tag Shuffle
Execute tag Botton half
Execute tag Top half
Execute tag Shuffle
Execute tag Botton half
Execute tag Top half
Execute tag Shuffle
Execute tag Botton half
Execute tag Top half
Execute tag Shuffle
Execute tag Botton half
Execute tag Top half
Execute tag Shuffle
Execute tag Botton half
Execute tag Top half
Execute tag Shuffle
Execute tag Botton half
Execute tag Top half
Execute tag Shuffle
Execute tag Botton half
Execute tag Top half
Execute tag Shuffle
Execute tag Botton half
Execute tag Top half
Execute tag Shuffle
Execute tag Botton half
Execute tag Top half
Execute tag Shuffle
Execute tag Botton half
Execute tag Top half
Execute tag Shuffle
Execute tag Botton half
Execute tag Top half
Execute tag Shuffle
Execute tag Botton half
Execute tag Top half
Execute tag Shuffle
Execute tag Botton half
Execute tag Top half
Execute tag Shuffle
Execute tag Botton half
Execute tag Top half
Execute tag Shuffle
Execute tag Botton half
Execute tag Top half
Execute tag Shuffle
Execute tag Botton half
Execute tag Top half
Execute tag Shuffle
Execute tag Botton half
Execute tag Top half
Execute tag Shuffle
Execute tag Botton half
Execute tag Top half
Execute tag Shuffle
Execute tag Botton half
Execute tag Top half
Execute tag Shuffle
Execute tag Botton half
Execute tag Top half
Execute tag Shuffle
Execute tag Botton half
Execute tag Top half
Execute tag Shuffle
Execute tag Botton half
Execute tag Top half
Execute tag Shuffle
Execute tag Botton half
Execute tag Top half
Execute tag Shuffle
Execute tag Botton half
Execute tag Top half
Execute tag Shuffle
Execute tag Botton half
Execute tag Top half
Execute tag Shuffle
Execute tag Botton half
Execute tag Top half
Execute tag Shuffle
Execute tag Botton half
Execute tag Top half
Execute tag Shuffle
Execute tag Botton half
Execute tag Top half
Execute tag Shuffle
Execute tag Botton half
Execute tag Top half
Execute tag Shuffle
Execute tag Botton half
Execute tag Top half
Execute tag Shuffle
Execute tag Botton half
Execute tag Top half
Execute tag Shuffle
Execute tag Botton half
Execute tag Top half
Execute tag Shuffle
Execute tag Botton half
Execute tag Top half
Execute tag Shuffle
Execute tag Botton half
Execute tag Top half
Execute tag Shuffle
Execute tag Botton half
Execute tag Top half
Execute tag Shuffle
Execute tag Botton half
Execute tag Top half
Execute tag Shuffle
Execute tag Botton half
Execute tag Top half
Execute tag Shuffle
Execute tag Botton half
Execute tag Top half
Execute tag Shuffle
Execute tag Botton half
Execute tag Top half
Execute tag Shuffle
Execute tag Botton half
Execute tag Top half
Execute tag Shuffle
Execute tag Botton half
Execute tag Top half
Execute tag Shuffle
Execute tag Botton half
Execute tag Top half
Execute tag Shuffle
Execute tag Botton half
Execute tag Top half
Execute tag Shuffle
Execute tag Botton half
Execute tag Top half
Execute tag Shuffle
Execute tag Botton half
Execute tag Top half
Execute tag Shuffle
Execute tag Botton half
Execute tag Top half
Execute tag Shuffle
Execute tag Botton half
Execute tag Top half
Execute tag Shuffle
Execute tag Botton half
Execute tag Top half
Execute tag Shuffle
Execute tag Botton half
Execute tag Top half
Execute tag Shuffle
Execute tag Botton half
Execute tag Top half
Execute tag Shuffle
